This file contains any messages produced by compilers while
running configure, to aid debugging if configure makes a mistake.

It was created by hello configure 0.1, which was
generated by GNU Autoconf 2.65.  Invocation command line was

  $ ./configure 

## --------- ##
## Platform. ##
## --------- ##

hostname = diego-laptop
uname -m = i686
uname -r = 2.6.32-21-generic
uname -s = Linux
uname -v = #32-Ubuntu SMP Fri Apr 16 08:10:02 UTC 2010

/usr/bin/uname -p = unknown
/bin/uname -X     = unknown

/bin/arch              = unknown
/usr/bin/arch -k       = unknown
/usr/convex/getsysinfo = unknown
/usr/bin/hostinfo      = unknown
/bin/machine           = unknown
/usr/bin/oslevel       = unknown
/bin/universe          = unknown

PATH: /opt/SourceryG++_arm-none-linux-gnubean/bin
PATH: /usr/local/sbin
PATH: /usr/local/bin
PATH: /usr/sbin
PATH: /usr/bin
PATH: /sbin
PATH: /bin
PATH: /usr/games


## ----------- ##
## Core tests. ##
## ----------- ##

configure:2155: checking for a BSD-compatible install
configure:2223: result: /usr/bin/install -c
configure:2234: checking whether build environment is sane
configure:2284: result: yes
configure:2425: checking for a thread-safe mkdir -p
configure:2464: result: /bin/mkdir -p
configure:2477: checking for gawk
configure:2493: found /usr/bin/gawk
configure:2504: result: gawk
configure:2515: checking whether make sets $(MAKE)
configure:2537: result: yes
configure:2670: checking for gcc
configure:2686: found /usr/bin/gcc
configure:2697: result: gcc
configure:2926: checking for C compiler version
configure:2935: gcc --version >&5
gcc (Ubuntu 4.4.3-4ubuntu5) 4.4.3
Copyright (C) 2009 Free Software Foundation, Inc.
This is free software; see the source for copying conditions.  There is NO
warranty; not even for MERCHANTABILITY or FITNESS FOR A PARTICULAR PURPOSE.

configure:2946: $? = 0
configure:2935: gcc -v >&5
Using built-in specs.
Target: i486-linux-gnu
Configured with: ../src/configure -v --with-pkgversion='Ubuntu 4.4.3-4ubuntu5' --with-bugurl=file:///usr/share/doc/gcc-4.4/README.Bugs --enable-languages=c,c++,fortran,objc,obj-c++ --prefix=/usr --enable-shared --enable-multiarch --enable-linker-build-id --with-system-zlib --libexecdir=/usr/lib --without-included-gettext --enable-threads=posix --with-gxx-include-dir=/usr/include/c++/4.4 --program-suffix=-4.4 --enable-nls --enable-clocale=gnu --enable-libstdcxx-debug --enable-plugin --enable-objc-gc --enable-targets=all --disable-werror --with-arch-32=i486 --with-tune=generic --enable-checking=release --build=i486-linux-gnu --host=i486-linux-gnu --target=i486-linux-gnu
Thread model: posix
gcc version 4.4.3 (Ubuntu 4.4.3-4ubuntu5) 
configure:2946: $? = 0
configure:2935: gcc -V >&5
gcc: '-V' option must have argument
configure:2946: $? = 1
configure:2935: gcc -qversion >&5
gcc: unrecognized option '-qversion'
gcc: no input files
configure:2946: $? = 1
configure:2966: checking whether the C compiler works
configure:2988: gcc    conftest.c  >&5
configure:2992: $? = 0
configure:3041: result: yes
configure:3044: checking for C compiler default output file name
configure:3046: result: a.out
configure:3052: checking for suffix of executables
configure:3059: gcc -o conftest    conftest.c  >&5
configure:3063: $? = 0
configure:3085: result: 
configure:3107: checking whether we are cross compiling
configure:3115: gcc -o conftest    conftest.c  >&5
configure:3119: $? = 0
configure:3126: ./conftest
configure:3130: $? = 0
configure:3145: result: no
configure:3150: checking for suffix of object files
configure:3172: gcc -c   conftest.c >&5
configure:3176: $? = 0
configure:3197: result: o
configure:3201: checking whether we are using the GNU C compiler
configure:3220: gcc -c   conftest.c >&5
configure:3220: $? = 0
configure:3229: result: yes
configure:3238: checking whether gcc accepts -g
configure:3258: gcc -c -g  conftest.c >&5
configure:3258: $? = 0
configure:3299: result: yes
configure:3316: checking for gcc option to accept ISO C89
configure:3380: gcc  -c -g -O2  conftest.c >&5
configure:3380: $? = 0
configure:3393: result: none needed
configure:3424: checking for style of include used by make
configure:3452: result: GNU
configure:3477: checking dependency style of gcc
configure:3587: result: gcc3
configure:3653: checking for pkg-config
configure:3671: found /usr/bin/pkg-config
configure:3683: result: /usr/bin/pkg-config
configure:3708: checking pkg-config is at least version 0.9.0
configure:3711: result: yes
configure:3722: checking for GTK
configure:3730: $PKG_CONFIG --exists --print-errors "gtk+-2.0 >= 2.12"
configure:3733: $? = 0
configure:3748: $PKG_CONFIG --exists --print-errors "gtk+-2.0 >= 2.12"
configure:3751: $? = 0
configure:3806: result: yes
configure:3821: checking how to run the C preprocessor
configure:3852: gcc -E  conftest.c
configure:3852: $? = 0
configure:3866: gcc -E  conftest.c
conftest.c:11:28: error: ac_nonexistent.h: No such file or directory
configure:3866: $? = 1
configure: failed program was:
| /* confdefs.h */
| #define PACKAGE_NAME "hello"
| #define PACKAGE_TARNAME "hello"
| #define PACKAGE_VERSION "0.1"
| #define PACKAGE_STRING "hello 0.1"
| #define PACKAGE_BUGREPORT "diego_hachmann@hotmail.com"
| #define PACKAGE_URL ""
| #define PACKAGE "hello"
| #define VERSION "0.1"
| /* end confdefs.h.  */
| #include <ac_nonexistent.h>
configure:3891: result: gcc -E
configure:3911: gcc -E  conftest.c
configure:3911: $? = 0
configure:3925: gcc -E  conftest.c
conftest.c:11:28: error: ac_nonexistent.h: No such file or directory
configure:3925: $? = 1
configure: failed program was:
| /* confdefs.h */
| #define PACKAGE_NAME "hello"
| #define PACKAGE_TARNAME "hello"
| #define PACKAGE_VERSION "0.1"
| #define PACKAGE_STRING "hello 0.1"
| #define PACKAGE_BUGREPORT "diego_hachmann@hotmail.com"
| #define PACKAGE_URL ""
| #define PACKAGE "hello"
| #define VERSION "0.1"
| /* end confdefs.h.  */
| #include <ac_nonexistent.h>
configure:3954: checking for grep that handles long lines and -e
configure:4012: result: /bin/grep
configure:4017: checking for egrep
configure:4079: result: /bin/grep -E
configure:4084: checking for ANSI C header files
configure:4104: gcc -c -g -O2  conftest.c >&5
configure:4104: $? = 0
configure:4177: gcc -o conftest -g -O2   conftest.c  >&5
configure:4177: $? = 0
configure:4177: ./conftest
configure:4177: $? = 0
configure:4188: result: yes
configure:4201: checking for sys/types.h
configure:4201: gcc -c -g -O2  conftest.c >&5
configure:4201: $? = 0
configure:4201: result: yes
configure:4201: checking for sys/stat.h
configure:4201: gcc -c -g -O2  conftest.c >&5
configure:4201: $? = 0
configure:4201: result: yes
configure:4201: checking for stdlib.h
configure:4201: gcc -c -g -O2  conftest.c >&5
configure:4201: $? = 0
configure:4201: result: yes
configure:4201: checking for string.h
configure:4201: gcc -c -g -O2  conftest.c >&5
configure:4201: $? = 0
configure:4201: result: yes
configure:4201: checking for memory.h
configure:4201: gcc -c -g -O2  conftest.c >&5
configure:4201: $? = 0
configure:4201: result: yes
configure:4201: checking for strings.h
configure:4201: gcc -c -g -O2  conftest.c >&5
configure:4201: $? = 0
configure:4201: result: yes
configure:4201: checking for inttypes.h
configure:4201: gcc -c -g -O2  conftest.c >&5
configure:4201: $? = 0
configure:4201: result: yes
configure:4201: checking for stdint.h
configure:4201: gcc -c -g -O2  conftest.c >&5
configure:4201: $? = 0
configure:4201: result: yes
configure:4201: checking for unistd.h
configure:4201: gcc -c -g -O2  conftest.c >&5
configure:4201: $? = 0
configure:4201: result: yes
configure:4217: checking fcntl.h usability
configure:4217: gcc -c -g -O2  conftest.c >&5
configure:4217: $? = 0
configure:4217: result: yes
configure:4217: checking fcntl.h presence
configure:4217: gcc -E  conftest.c
configure:4217: $? = 0
configure:4217: result: yes
configure:4217: checking for fcntl.h
configure:4217: result: yes
configure:4217: checking for stdlib.h
configure:4217: result: yes
configure:4217: checking for string.h
configure:4217: result: yes
configure:4217: checking sys/time.h usability
configure:4217: gcc -c -g -O2  conftest.c >&5
configure:4217: $? = 0
configure:4217: result: yes
configure:4217: checking sys/time.h presence
configure:4217: gcc -E  conftest.c
configure:4217: $? = 0
configure:4217: result: yes
configure:4217: checking for sys/time.h
configure:4217: result: yes
configure:4217: checking termios.h usability
configure:4217: gcc -c -g -O2  conftest.c >&5
configure:4217: $? = 0
configure:4217: result: yes
configure:4217: checking termios.h presence
configure:4217: gcc -E  conftest.c
configure:4217: $? = 0
configure:4217: result: yes
configure:4217: checking for termios.h
configure:4217: result: yes
configure:4217: checking for unistd.h
configure:4217: result: yes
configure:4234: checking for stdlib.h
configure:4234: result: yes
configure:4244: checking for GNU libc compatible malloc
configure:4268: gcc -o conftest -g -O2   conftest.c  >&5
configure:4268: $? = 0
configure:4268: ./conftest
configure:4268: $? = 0
configure:4278: result: yes
configure:4302: checking for clock_gettime
configure:4302: gcc -o conftest -g -O2   conftest.c  >&5
/tmp/cc2dmGtG.o: In function `main':
/home/diego/2011/Estágio/GIT2/brtablet/conftest.c:63: undefined reference to `clock_gettime'
collect2: ld returned 1 exit status
configure:4302: $? = 1
configure: failed program was:
| /* confdefs.h */
| #define PACKAGE_NAME "hello"
| #define PACKAGE_TARNAME "hello"
| #define PACKAGE_VERSION "0.1"
| #define PACKAGE_STRING "hello 0.1"
| #define PACKAGE_BUGREPORT "diego_hachmann@hotmail.com"
| #define PACKAGE_URL ""
| #define PACKAGE "hello"
| #define VERSION "0.1"
| #define STDC_HEADERS 1
| #define HAVE_SYS_TYPES_H 1
| #define HAVE_SYS_STAT_H 1
| #define HAVE_STDLIB_H 1
| #define HAVE_STRING_H 1
| #define HAVE_MEMORY_H 1
| #define HAVE_STRINGS_H 1
| #define HAVE_INTTYPES_H 1
| #define HAVE_STDINT_H 1
| #define HAVE_UNISTD_H 1
| #define HAVE_FCNTL_H 1
| #define HAVE_STDLIB_H 1
| #define HAVE_STRING_H 1
| #define HAVE_SYS_TIME_H 1
| #define HAVE_TERMIOS_H 1
| #define HAVE_UNISTD_H 1
| #define HAVE_STDLIB_H 1
| #define HAVE_MALLOC 1
| /* end confdefs.h.  */
| /* Define clock_gettime to an innocuous variant, in case <limits.h> declares clock_gettime.
|    For example, HP-UX 11i <limits.h> declares gettimeofday.  */
| #define clock_gettime innocuous_clock_gettime
| 
| /* System header to define __stub macros and hopefully few prototypes,
|     which can conflict with char clock_gettime (); below.
|     Prefer <limits.h> to <assert.h> if __STDC__ is defined, since
|     <limits.h> exists even on freestanding compilers.  */
| 
| #ifdef __STDC__
| # include <limits.h>
| #else
| # include <assert.h>
| #endif
| 
| #undef clock_gettime
| 
| /* Override any GCC internal prototype to avoid an error.
|    Use char because int might match the return type of a GCC
|    builtin and then its argument prototype would still apply.  */
| #ifdef __cplusplus
| extern "C"
| #endif
| char clock_gettime ();
| /* The GNU C library defines this for functions which it implements
|     to always fail with ENOSYS.  Some functions are actually named
|     something starting with __ and the normal name is an alias.  */
| #if defined __stub_clock_gettime || defined __stub___clock_gettime
| choke me
| #endif
| 
| int
| main ()
| {
| return clock_gettime ();
|   ;
|   return 0;
| }
configure:4302: result: no
configure:4302: checking for gettimeofday
configure:4302: gcc -o conftest -g -O2   conftest.c  >&5
configure:4302: $? = 0
configure:4302: result: yes
configure:4302: checking for memmove
configure:4302: gcc -o conftest -g -O2   conftest.c  >&5
conftest.c:53: warning: conflicting types for built-in function 'memmove'
configure:4302: $? = 0
configure:4302: result: yes
configure:4302: checking for memset
configure:4302: gcc -o conftest -g -O2   conftest.c  >&5
conftest.c:54: warning: conflicting types for built-in function 'memset'
configure:4302: $? = 0
configure:4302: result: yes
configure:4302: checking for regcomp
configure:4302: gcc -o conftest -g -O2   conftest.c  >&5
configure:4302: $? = 0
configure:4302: result: yes
configure:4434: creating ./config.status

## ---------------------- ##
## Running config.status. ##
## ---------------------- ##

This file was extended by hello config.status 0.1, which was
generated by GNU Autoconf 2.65.  Invocation command line was

  CONFIG_FILES    = 
  CONFIG_HEADERS  = 
  CONFIG_LINKS    = 
  CONFIG_COMMANDS = 
  $ ./config.status 

on diego-laptop

config.status:871: creating Makefile
config.status:871: creating src/attach/Makefile
config.status:871: creating src/calibrator/Makefile
config.status:871: creating scripts/Makefile
config.status:871: creating config.h
config.status:1043: config.h is unchanged
config.status:1091: executing depfiles commands

## ---------------- ##
## Cache variables. ##
## ---------------- ##

ac_cv_c_compiler_gnu=yes
ac_cv_env_CC_set=
ac_cv_env_CC_value=
ac_cv_env_CFLAGS_set=
ac_cv_env_CFLAGS_value=
ac_cv_env_CPPFLAGS_set=
ac_cv_env_CPPFLAGS_value=
ac_cv_env_CPP_set=
ac_cv_env_CPP_value=
ac_cv_env_GTK_CFLAGS_set=
ac_cv_env_GTK_CFLAGS_value=
ac_cv_env_GTK_LIBS_set=
ac_cv_env_GTK_LIBS_value=
ac_cv_env_LDFLAGS_set=
ac_cv_env_LDFLAGS_value=
ac_cv_env_LIBS_set=
ac_cv_env_LIBS_value=
ac_cv_env_PKG_CONFIG_set=
ac_cv_env_PKG_CONFIG_value=
ac_cv_env_build_alias_set=
ac_cv_env_build_alias_value=
ac_cv_env_host_alias_set=
ac_cv_env_host_alias_value=
ac_cv_env_target_alias_set=
ac_cv_env_target_alias_value=
ac_cv_func_clock_gettime=no
ac_cv_func_gettimeofday=yes
ac_cv_func_malloc_0_nonnull=yes
ac_cv_func_memmove=yes
ac_cv_func_memset=yes
ac_cv_func_regcomp=yes
ac_cv_header_fcntl_h=yes
ac_cv_header_inttypes_h=yes
ac_cv_header_memory_h=yes
ac_cv_header_stdc=yes
ac_cv_header_stdint_h=yes
ac_cv_header_stdlib_h=yes
ac_cv_header_string_h=yes
ac_cv_header_strings_h=yes
ac_cv_header_sys_stat_h=yes
ac_cv_header_sys_time_h=yes
ac_cv_header_sys_types_h=yes
ac_cv_header_termios_h=yes
ac_cv_header_unistd_h=yes
ac_cv_objext=o
ac_cv_path_EGREP='/bin/grep -E'
ac_cv_path_GREP=/bin/grep
ac_cv_path_ac_pt_PKG_CONFIG=/usr/bin/pkg-config
ac_cv_path_install='/usr/bin/install -c'
ac_cv_path_mkdir=/bin/mkdir
ac_cv_prog_AWK=gawk
ac_cv_prog_CPP='gcc -E'
ac_cv_prog_ac_ct_CC=gcc
ac_cv_prog_cc_c89=
ac_cv_prog_cc_g=yes
ac_cv_prog_make_make_set=yes
am_cv_CC_dependencies_compiler_type=gcc3
pkg_cv_GTK_CFLAGS='-pthread -D_REENTRANT -I/usr/include/gtk-2.0 -I/usr/lib/gtk-2.0/include -I/usr/include/atk-1.0 -I/usr/include/cairo -I/usr/include/pango-1.0 -I/usr/include/gio-unix-2.0/ -I/usr/include/glib-2.0 -I/usr/lib/glib-2.0/include -I/usr/include/pixman-1 -I/usr/include/freetype2 -I/usr/include/directfb -I/usr/include/libpng12  '
pkg_cv_GTK_LIBS='-pthread -lgtk-x11-2.0 -lgdk-x11-2.0 -latk-1.0 -lgio-2.0 -lpangoft2-1.0 -lgdk_pixbuf-2.0 -lm -lpangocairo-1.0 -lcairo -lpango-1.0 -lfreetype -lfontconfig -lgobject-2.0 -lgmodule-2.0 -lgthread-2.0 -lrt -lglib-2.0  '

## ----------------- ##
## Output variables. ##
## ----------------- ##

ACLOCAL='${SHELL} /home/diego/2011/Estágio/GIT2/brtablet/missing --run aclocal-1.11'
AMDEPBACKSLASH='\'
AMDEP_FALSE='#'
AMDEP_TRUE=''
AMTAR='${SHELL} /home/diego/2011/Estágio/GIT2/brtablet/missing --run tar'
AUTOCONF='${SHELL} /home/diego/2011/Estágio/GIT2/brtablet/missing --run autoconf'
AUTOHEADER='${SHELL} /home/diego/2011/Estágio/GIT2/brtablet/missing --run autoheader'
AUTOMAKE='${SHELL} /home/diego/2011/Estágio/GIT2/brtablet/missing --run automake-1.11'
AWK='gawk'
CC='gcc'
CCDEPMODE='depmode=gcc3'
CFLAGS='-g -O2'
CPP='gcc -E'
CPPFLAGS=''
CYGPATH_W='echo'
DEFS='-DHAVE_CONFIG_H'
DEPDIR='.deps'
ECHO_C=''
ECHO_N='-n'
ECHO_T=''
EGREP='/bin/grep -E'
EXEEXT=''
GREP='/bin/grep'
GTK_CFLAGS='-pthread -D_REENTRANT -I/usr/include/gtk-2.0 -I/usr/lib/gtk-2.0/include -I/usr/include/atk-1.0 -I/usr/include/cairo -I/usr/include/pango-1.0 -I/usr/include/gio-unix-2.0/ -I/usr/include/glib-2.0 -I/usr/lib/glib-2.0/include -I/usr/include/pixman-1 -I/usr/include/freetype2 -I/usr/include/directfb -I/usr/include/libpng12  '
GTK_LIBS='-pthread -lgtk-x11-2.0 -lgdk-x11-2.0 -latk-1.0 -lgio-2.0 -lpangoft2-1.0 -lgdk_pixbuf-2.0 -lm -lpangocairo-1.0 -lcairo -lpango-1.0 -lfreetype -lfontconfig -lgobject-2.0 -lgmodule-2.0 -lgthread-2.0 -lrt -lglib-2.0  '
INSTALL_DATA='${INSTALL} -m 644'
INSTALL_PROGRAM='${INSTALL}'
INSTALL_SCRIPT='${INSTALL}'
INSTALL_STRIP_PROGRAM='$(install_sh) -c -s'
LDFLAGS=''
LIBOBJS=''
LIBS=''
LTLIBOBJS=''
MAKEINFO='${SHELL} /home/diego/2011/Estágio/GIT2/brtablet/missing --run makeinfo'
MKDIR_P='/bin/mkdir -p'
OBJEXT='o'
PACKAGE='hello'
PACKAGE_BUGREPORT='diego_hachmann@hotmail.com'
PACKAGE_NAME='hello'
PACKAGE_STRING='hello 0.1'
PACKAGE_TARNAME='hello'
PACKAGE_URL=''
PACKAGE_VERSION='0.1'
PATH_SEPARATOR=':'
PKG_CONFIG='/usr/bin/pkg-config'
SET_MAKE=''
SHELL='/bin/bash'
STRIP=''
VERSION='0.1'
ac_ct_CC='gcc'
am__EXEEXT_FALSE=''
am__EXEEXT_TRUE='#'
am__fastdepCC_FALSE='#'
am__fastdepCC_TRUE=''
am__include='include'
am__isrc=''
am__leading_dot='.'
am__quote=''
am__tar='${AMTAR} chof - "$$tardir"'
am__untar='${AMTAR} xf -'
bindir='${exec_prefix}/bin'
build_alias=''
datadir='${datarootdir}'
datarootdir='${prefix}/share'
docdir='${datarootdir}/doc/${PACKAGE_TARNAME}'
dvidir='${docdir}'
exec_prefix='${prefix}'
host_alias=''
htmldir='${docdir}'
includedir='${prefix}/include'
infodir='${datarootdir}/info'
install_sh='${SHELL} /home/diego/2011/Estágio/GIT2/brtablet/install-sh'
libdir='${exec_prefix}/lib'
libexecdir='${exec_prefix}/libexec'
localedir='${datarootdir}/locale'
localstatedir='${prefix}/var'
mandir='${datarootdir}/man'
mkdir_p='/bin/mkdir -p'
oldincludedir='/usr/include'
pdfdir='${docdir}'
prefix='/usr/local'
program_transform_name='s,x,x,'
psdir='${docdir}'
sbindir='${exec_prefix}/sbin'
sharedstatedir='${prefix}/com'
sysconfdir='${prefix}/etc'
target_alias=''

## ----------- ##
## confdefs.h. ##
## ----------- ##

/* confdefs.h */
#define PACKAGE_NAME "hello"
#define PACKAGE_TARNAME "hello"
#define PACKAGE_VERSION "0.1"
#define PACKAGE_STRING "hello 0.1"
#define PACKAGE_BUGREPORT "diego_hachmann@hotmail.com"
#define PACKAGE_URL ""
#define PACKAGE "hello"
#define VERSION "0.1"
#define STDC_HEADERS 1
#define HAVE_SYS_TYPES_H 1
#define HAVE_SYS_STAT_H 1
#define HAVE_STDLIB_H 1
#define HAVE_STRING_H 1
#define HAVE_MEMORY_H 1
#define HAVE_STRINGS_H 1
#define HAVE_INTTYPES_H 1
#define HAVE_STDINT_H 1
#define HAVE_UNISTD_H 1
#define HAVE_FCNTL_H 1
#define HAVE_STDLIB_H 1
#define HAVE_STRING_H 1
#define HAVE_SYS_TIME_H 1
#define HAVE_TERMIOS_H 1
#define HAVE_UNISTD_H 1
#define HAVE_STDLIB_H 1
#define HAVE_MALLOC 1
#define HAVE_GETTIMEOFDAY 1
#define HAVE_MEMMOVE 1
#define HAVE_MEMSET 1
#define HAVE_REGCOMP 1

configure: exit 0

## ---------------------- ##
## Running config.status. ##
## ---------------------- ##

This file was extended by hello config.status 0.1, which was
generated by GNU Autoconf 2.65.  Invocation command line was

  CONFIG_FILES    = 
  CONFIG_HEADERS  = 
  CONFIG_LINKS    = 
  CONFIG_COMMANDS = 
  $ ./config.status config.h

on diego-laptop

config.status:871: creating config.h
config.status:1043: config.h is unchanged
